2020-06-12 10:49:47.541 - INFO  [  restartedMain] o.s.b.StartupInfoLogger        : Starting ShiroTwoDemoApplication on xxxy01 with PID 22404 (D:\IDEACODES\shior-two-demo\target\classes started by xxxy412 in D:\IDEACODES\shior-two-demo)
2020-06-12 10:49:47.547 - INFO  [  restartedMain] o.s.b.SpringApplication        : No active profile set, falling back to default profiles: default
2020-06-12 10:49:47.600 - INFO  [  restartedMain] o.s.b.l.DeferredLog            : Devtools property defaults active! Set 'spring.devtools.add-properties' to 'false' to disable
2020-06-12 10:49:47.601 - INFO  [  restartedMain] o.s.b.l.DeferredLog            : For additional web related logging consider setting the 'logging.level.web' property to 'DEBUG'
2020-06-12 10:49:48.107 - WARN  [  restartedMain] o.m.l.Logger                   : No MyBatis mapper was found in '[com.example.shiortwodemo]' package. Please check your configuration.
2020-06-12 10:49:48.193 - INFO  [  restartedMain] egate$BeanPostProcessorChecker : Bean 'shiroConfig' of type [com.example.shiortwodemo.shiro.ShiroConfig$$EnhancerBySpringCGLIB$$395d2c40] is not eligible for getting processed by all BeanPostProcessors (for example: not eligible for auto-proxying)
2020-06-12 10:49:48.236 - INFO  [  restartedMain] egate$BeanPostProcessorChecker : Bean 'mybatis-tk.mybatis.mapper.autoconfigure.MybatisProperties' of type [tk.mybatis.mapper.autoconfigure.MybatisProperties] is not eligible for getting processed by all BeanPostProcessors (for example: not eligible for auto-proxying)
2020-06-12 10:49:48.238 - INFO  [  restartedMain] egate$BeanPostProcessorChecker : Bean 'tk.mybatis.mapper.autoconfigure.MapperAutoConfiguration' of type [tk.mybatis.mapper.autoconfigure.MapperAutoConfiguration$$EnhancerBySpringCGLIB$$cb4e2503] is not eligible for getting processed by all BeanPostProcessors (for example: not eligible for auto-proxying)
2020-06-12 10:49:48.240 - INFO  [  restartedMain] egate$BeanPostProcessorChecker : Bean 'com.alibaba.druid.spring.boot.autoconfigure.DruidDataSourceAutoConfigure' of type [com.alibaba.druid.spring.boot.autoconfigure.DruidDataSourceAutoConfigure$$EnhancerBySpringCGLIB$$2f0972dc] is not eligible for getting processed by all BeanPostProcessors (for example: not eligible for auto-proxying)
2020-06-12 10:49:48.242 - INFO  [  restartedMain] a.DruidDataSourceAutoConfigure : Init DruidDataSource
2020-06-12 10:49:48.278 - INFO  [  restartedMain] egate$BeanPostProcessorChecker : Bean 'spring.datasource-org.springframework.boot.autoconfigure.jdbc.DataSourceProperties' of type [org.springframework.boot.autoconfigure.jdbc.DataSourceProperties] is not eligible for getting processed by all BeanPostProcessors (for example: not eligible for auto-proxying)
2020-06-12 10:49:48.310 - INFO  [  restartedMain] c.a.d.p.DruidDataSource        : {dataSource-1} inited
2020-06-12 10:49:48.311 - INFO  [  restartedMain] egate$BeanPostProcessorChecker : Bean 'dataSource' of type [com.alibaba.druid.spring.boot.autoconfigure.DruidDataSourceWrapper] is not eligible for getting processed by all BeanPostProcessors (for example: not eligible for auto-proxying)
2020-06-12 10:49:48.321 - INFO  [  restartedMain] egate$BeanPostProcessorChecker : Bean 'org.springframework.boot.autoconfigure.jdbc.DataSourceInitializerInvoker' of type [org.springframework.boot.autoconfigure.jdbc.DataSourceInitializerInvoker] is not eligible for getting processed by all BeanPostProcessors (for example: not eligible for auto-proxying)
2020-06-12 10:49:48.355 - INFO  [  restartedMain] egate$BeanPostProcessorChecker : Bean 'sqlSessionFactory' of type [org.apache.ibatis.session.defaults.DefaultSqlSessionFactory] is not eligible for getting processed by all BeanPostProcessors (for example: not eligible for auto-proxying)
2020-06-12 10:49:48.359 - INFO  [  restartedMain] egate$BeanPostProcessorChecker : Bean 'sqlSessionTemplate' of type [org.mybatis.spring.SqlSessionTemplate] is not eligible for getting processed by all BeanPostProcessors (for example: not eligible for auto-proxying)
2020-06-12 10:49:48.472 - INFO  [  restartedMain] egate$BeanPostProcessorChecker : Bean 'userMapper' of type [tk.mybatis.spring.mapper.MapperFactoryBean] is not eligible for getting processed by all BeanPostProcessors (for example: not eligible for auto-proxying)
2020-06-12 10:49:48.474 - INFO  [  restartedMain] egate$BeanPostProcessorChecker : Bean 'userMapper' of type [com.sun.proxy.$Proxy80] is not eligible for getting processed by all BeanPostProcessors (for example: not eligible for auto-proxying)
2020-06-12 10:49:48.476 - INFO  [  restartedMain] egate$BeanPostProcessorChecker : Bean 'userDapImpl' of type [com.example.shiortwodemo.daoimpl.UserDapImpl] is not eligible for getting processed by all BeanPostProcessors (for example: not eligible for auto-proxying)
2020-06-12 10:49:48.486 - INFO  [  restartedMain] egate$BeanPostProcessorChecker : Bean 'userServiceImpl' of type [com.example.shiortwodemo.serviceimpl.UserServiceImpl] is not eligible for getting processed by all BeanPostProcessors (for example: not eligible for auto-proxying)
2020-06-12 10:49:48.486 - INFO  [  restartedMain] egate$BeanPostProcessorChecker : Bean 'userRealm' of type [com.example.shiortwodemo.shiro.UserRealm] is not eligible for getting processed by all BeanPostProcessors (for example: not eligible for auto-proxying)
2020-06-12 10:49:49.386 - INFO  [  restartedMain] egate$BeanPostProcessorChecker : Bean 'securityManager' of type [org.apache.shiro.web.mgt.DefaultWebSecurityManager] is not eligible for getting processed by all BeanPostProcessors (for example: not eligible for auto-proxying)
2020-06-12 10:49:49.625 - INFO  [  restartedMain] o.s.b.w.e.t.TomcatWebServer    : Tomcat initialized with port(s): 8080 (http)
2020-06-12 10:49:49.631 - INFO  [  restartedMain] o.a.j.l.DirectJDKLog           : Initializing ProtocolHandler ["http-nio-8080"]
2020-06-12 10:49:49.632 - INFO  [  restartedMain] o.a.j.l.DirectJDKLog           : Starting service [Tomcat]
2020-06-12 10:49:49.632 - INFO  [  restartedMain] o.a.j.l.DirectJDKLog           : Starting Servlet engine: [Apache Tomcat/9.0.35]
2020-06-12 10:49:49.724 - INFO  [  restartedMain] o.a.j.l.DirectJDKLog           : Initializing Spring embedded WebApplicationContext
2020-06-12 10:49:49.724 - INFO  [  restartedMain] letWebServerApplicationContext : Root WebApplicationContext: initialization completed in 2123 ms
2020-06-12 10:49:49.840 - INFO  [  restartedMain] c.ExecutorConfigurationSupport : Initializing ExecutorService 'applicationTaskExecutor'
2020-06-12 10:49:49.940 - INFO  [  restartedMain] t.m.m.a.MapperCacheDisabler    : Clear tk.mybatis.mapper.util.MsUtil CLASS_CACHE cache.
2020-06-12 10:49:49.940 - INFO  [  restartedMain] t.m.m.a.MapperCacheDisabler    : Clear tk.mybatis.mapper.genid.GenIdUtil CACHE cache.
2020-06-12 10:49:49.941 - INFO  [  restartedMain] t.m.m.a.MapperCacheDisabler    : Clear tk.mybatis.mapper.version.VersionUtil CACHE cache.
2020-06-12 10:49:49.941 - INFO  [  restartedMain] t.m.m.a.MapperCacheDisabler    : Clear EntityHelper entityTableMap cache.
2020-06-12 10:49:49.993 - INFO  [  restartedMain] b.d.a.OptionalLiveReloadServer : LiveReload server is running on port 35729
2020-06-12 10:49:50.007 - INFO  [  restartedMain] o.a.j.l.DirectJDKLog           : Starting ProtocolHandler ["http-nio-8080"]
2020-06-12 10:49:50.022 - INFO  [  restartedMain] o.s.b.w.e.t.TomcatWebServer    : Tomcat started on port(s): 8080 (http) with context path ''
2020-06-12 10:49:50.029 - INFO  [  restartedMain] o.s.b.StartupInfoLogger        : Started ShiroTwoDemoApplication in 2.71 seconds (JVM running for 4.747)
2020-06-12 10:50:10.838 - INFO  [nio-8080-exec-1] o.a.j.l.DirectJDKLog           : Initializing Spring DispatcherServlet 'dispatcherServlet'
2020-06-12 10:50:10.838 - INFO  [nio-8080-exec-1] o.s.w.s.FrameworkServlet       : Initializing Servlet 'dispatcherServlet'
2020-06-12 10:50:10.843 - INFO  [nio-8080-exec-1] o.s.w.s.FrameworkServlet       : Completed initialization in 4 ms
2020-06-12 10:56:21.772 - INFO  [  restartedMain] o.s.b.StartupInfoLogger        : Starting ShiroTwoDemoApplication on xxxy01 with PID 12652 (D:\IDEACODES\shior-two-demo\target\classes started by xxxy412 in D:\IDEACODES\shior-two-demo)
2020-06-12 10:56:21.780 - INFO  [  restartedMain] o.s.b.SpringApplication        : No active profile set, falling back to default profiles: default
2020-06-12 10:56:21.829 - INFO  [  restartedMain] o.s.b.l.DeferredLog            : Devtools property defaults active! Set 'spring.devtools.add-properties' to 'false' to disable
2020-06-12 10:56:21.829 - INFO  [  restartedMain] o.s.b.l.DeferredLog            : For additional web related logging consider setting the 'logging.level.web' property to 'DEBUG'
2020-06-12 10:56:22.397 - WARN  [  restartedMain] o.m.l.Logger                   : No MyBatis mapper was found in '[com.example.shiortwodemo]' package. Please check your configuration.
2020-06-12 10:56:22.484 - INFO  [  restartedMain] egate$BeanPostProcessorChecker : Bean 'shiroConfig' of type [com.example.shiortwodemo.shiro.ShiroConfig$$EnhancerBySpringCGLIB$$19ab6b97] is not eligible for getting processed by all BeanPostProcessors (for example: not eligible for auto-proxying)
2020-06-12 10:56:22.526 - INFO  [  restartedMain] egate$BeanPostProcessorChecker : Bean 'mybatis-tk.mybatis.mapper.autoconfigure.MybatisProperties' of type [tk.mybatis.mapper.autoconfigure.MybatisProperties] is not eligible for getting processed by all BeanPostProcessors (for example: not eligible for auto-proxying)
2020-06-12 10:56:22.529 - INFO  [  restartedMain] egate$BeanPostProcessorChecker : Bean 'tk.mybatis.mapper.autoconfigure.MapperAutoConfiguration' of type [tk.mybatis.mapper.autoconfigure.MapperAutoConfiguration$$EnhancerBySpringCGLIB$$ab9c645a] is not eligible for getting processed by all BeanPostProcessors (for example: not eligible for auto-proxying)
2020-06-12 10:56:22.531 - INFO  [  restartedMain] egate$BeanPostProcessorChecker : Bean 'com.alibaba.druid.spring.boot.autoconfigure.DruidDataSourceAutoConfigure' of type [com.alibaba.druid.spring.boot.autoconfigure.DruidDataSourceAutoConfigure$$EnhancerBySpringCGLIB$$f57b233] is not eligible for getting processed by all BeanPostProcessors (for example: not eligible for auto-proxying)
2020-06-12 10:56:22.533 - INFO  [  restartedMain] a.DruidDataSourceAutoConfigure : Init DruidDataSource
2020-06-12 10:56:22.569 - INFO  [  restartedMain] egate$BeanPostProcessorChecker : Bean 'spring.datasource-org.springframework.boot.autoconfigure.jdbc.DataSourceProperties' of type [org.springframework.boot.autoconfigure.jdbc.DataSourceProperties] is not eligible for getting processed by all BeanPostProcessors (for example: not eligible for auto-proxying)
2020-06-12 10:56:22.603 - INFO  [  restartedMain] c.a.d.p.DruidDataSource        : {dataSource-1} inited
2020-06-12 10:56:22.603 - INFO  [  restartedMain] egate$BeanPostProcessorChecker : Bean 'dataSource' of type [com.alibaba.druid.spring.boot.autoconfigure.DruidDataSourceWrapper] is not eligible for getting processed by all BeanPostProcessors (for example: not eligible for auto-proxying)
2020-06-12 10:56:22.613 - INFO  [  restartedMain] egate$BeanPostProcessorChecker : Bean 'org.springframework.boot.autoconfigure.jdbc.DataSourceInitializerInvoker' of type [org.springframework.boot.autoconfigure.jdbc.DataSourceInitializerInvoker] is not eligible for getting processed by all BeanPostProcessors (for example: not eligible for auto-proxying)
2020-06-12 10:56:22.650 - INFO  [  restartedMain] egate$BeanPostProcessorChecker : Bean 'sqlSessionFactory' of type [org.apache.ibatis.session.defaults.DefaultSqlSessionFactory] is not eligible for getting processed by all BeanPostProcessors (for example: not eligible for auto-proxying)
2020-06-12 10:56:22.654 - INFO  [  restartedMain] egate$BeanPostProcessorChecker : Bean 'sqlSessionTemplate' of type [org.mybatis.spring.SqlSessionTemplate] is not eligible for getting processed by all BeanPostProcessors (for example: not eligible for auto-proxying)
2020-06-12 10:56:22.769 - INFO  [  restartedMain] egate$BeanPostProcessorChecker : Bean 'userMapper' of type [tk.mybatis.spring.mapper.MapperFactoryBean] is not eligible for getting processed by all BeanPostProcessors (for example: not eligible for auto-proxying)
2020-06-12 10:56:22.771 - INFO  [  restartedMain] egate$BeanPostProcessorChecker : Bean 'userMapper' of type [com.sun.proxy.$Proxy80] is not eligible for getting processed by all BeanPostProcessors (for example: not eligible for auto-proxying)
2020-06-12 10:56:22.773 - INFO  [  restartedMain] egate$BeanPostProcessorChecker : Bean 'userDapImpl' of type [com.example.shiortwodemo.daoimpl.UserDapImpl] is not eligible for getting processed by all BeanPostProcessors (for example: not eligible for auto-proxying)
2020-06-12 10:56:22.783 - INFO  [  restartedMain] egate$BeanPostProcessorChecker : Bean 'userServiceImpl' of type [com.example.shiortwodemo.serviceimpl.UserServiceImpl] is not eligible for getting processed by all BeanPostProcessors (for example: not eligible for auto-proxying)
2020-06-12 10:56:22.783 - INFO  [  restartedMain] egate$BeanPostProcessorChecker : Bean 'userRealm' of type [com.example.shiortwodemo.shiro.UserRealm] is not eligible for getting processed by all BeanPostProcessors (for example: not eligible for auto-proxying)
2020-06-12 10:56:23.666 - INFO  [  restartedMain] egate$BeanPostProcessorChecker : Bean 'securityManager' of type [org.apache.shiro.web.mgt.DefaultWebSecurityManager] is not eligible for getting processed by all BeanPostProcessors (for example: not eligible for auto-proxying)
2020-06-12 10:56:23.887 - INFO  [  restartedMain] o.s.b.w.e.t.TomcatWebServer    : Tomcat initialized with port(s): 8080 (http)
2020-06-12 10:56:23.893 - INFO  [  restartedMain] o.a.j.l.DirectJDKLog           : Initializing ProtocolHandler ["http-nio-8080"]
2020-06-12 10:56:23.894 - INFO  [  restartedMain] o.a.j.l.DirectJDKLog           : Starting service [Tomcat]
2020-06-12 10:56:23.894 - INFO  [  restartedMain] o.a.j.l.DirectJDKLog           : Starting Servlet engine: [Apache Tomcat/9.0.35]
2020-06-12 10:56:23.982 - INFO  [  restartedMain] o.a.j.l.DirectJDKLog           : Initializing Spring embedded WebApplicationContext
2020-06-12 10:56:23.982 - INFO  [  restartedMain] letWebServerApplicationContext : Root WebApplicationContext: initialization completed in 2153 ms
2020-06-12 10:56:24.098 - INFO  [  restartedMain] c.ExecutorConfigurationSupport : Initializing ExecutorService 'applicationTaskExecutor'
2020-06-12 10:56:24.197 - INFO  [  restartedMain] t.m.m.a.MapperCacheDisabler    : Clear tk.mybatis.mapper.util.MsUtil CLASS_CACHE cache.
2020-06-12 10:56:24.198 - INFO  [  restartedMain] t.m.m.a.MapperCacheDisabler    : Clear tk.mybatis.mapper.genid.GenIdUtil CACHE cache.
2020-06-12 10:56:24.198 - INFO  [  restartedMain] t.m.m.a.MapperCacheDisabler    : Clear tk.mybatis.mapper.version.VersionUtil CACHE cache.
2020-06-12 10:56:24.198 - INFO  [  restartedMain] t.m.m.a.MapperCacheDisabler    : Clear EntityHelper entityTableMap cache.
2020-06-12 10:56:24.251 - INFO  [  restartedMain] b.d.a.OptionalLiveReloadServer : LiveReload server is running on port 35729
2020-06-12 10:56:24.265 - INFO  [  restartedMain] o.a.j.l.DirectJDKLog           : Starting ProtocolHandler ["http-nio-8080"]
2020-06-12 10:56:24.279 - INFO  [  restartedMain] o.s.b.w.e.t.TomcatWebServer    : Tomcat started on port(s): 8080 (http) with context path ''
2020-06-12 10:56:24.287 - INFO  [  restartedMain] o.s.b.StartupInfoLogger        : Started ShiroTwoDemoApplication in 2.779 seconds (JVM running for 4.582)
2020-06-12 10:56:35.248 - INFO  [nio-8080-exec-1] o.a.j.l.DirectJDKLog           : Initializing Spring DispatcherServlet 'dispatcherServlet'
2020-06-12 10:56:35.248 - INFO  [nio-8080-exec-1] o.s.w.s.FrameworkServlet       : Initializing Servlet 'dispatcherServlet'
2020-06-12 10:56:35.255 - INFO  [nio-8080-exec-1] o.s.w.s.FrameworkServlet       : Completed initialization in 6 ms
2020-06-12 13:45:04.806 - INFO  [  restartedMain] o.s.b.StartupInfoLogger        : Starting ShiroTwoDemoApplication on xxxy01 with PID 15200 (D:\IDEACODES\shior-two-demo\target\classes started by xxxy412 in D:\IDEACODES\shior-two-demo)
2020-06-12 13:45:04.812 - INFO  [  restartedMain] o.s.b.SpringApplication        : No active profile set, falling back to default profiles: default
2020-06-12 13:45:04.842 - INFO  [  restartedMain] o.s.b.l.DeferredLog            : Devtools property defaults active! Set 'spring.devtools.add-properties' to 'false' to disable
2020-06-12 13:45:04.843 - INFO  [  restartedMain] o.s.b.l.DeferredLog            : For additional web related logging consider setting the 'logging.level.web' property to 'DEBUG'
2020-06-12 13:45:05.371 - WARN  [  restartedMain] o.m.l.Logger                   : No MyBatis mapper was found in '[com.example.shiortwodemo]' package. Please check your configuration.
2020-06-12 13:45:05.458 - INFO  [  restartedMain] egate$BeanPostProcessorChecker : Bean 'shiroConfig' of type [com.example.shiortwodemo.shiro.ShiroConfig$$EnhancerBySpringCGLIB$$383fb9e3] is not eligible for getting processed by all BeanPostProcessors (for example: not eligible for auto-proxying)
2020-06-12 13:45:05.501 - INFO  [  restartedMain] egate$BeanPostProcessorChecker : Bean 'mybatis-tk.mybatis.mapper.autoconfigure.MybatisProperties' of type [tk.mybatis.mapper.autoconfigure.MybatisProperties] is not eligible for getting processed by all BeanPostProcessors (for example: not eligible for auto-proxying)
2020-06-12 13:45:05.504 - INFO  [  restartedMain] egate$BeanPostProcessorChecker : Bean 'tk.mybatis.mapper.autoconfigure.MapperAutoConfiguration' of type [tk.mybatis.mapper.autoconfigure.MapperAutoConfiguration$$EnhancerBySpringCGLIB$$ca30b2a6] is not eligible for getting processed by all BeanPostProcessors (for example: not eligible for auto-proxying)
2020-06-12 13:45:05.505 - INFO  [  restartedMain] egate$BeanPostProcessorChecker : Bean 'com.alibaba.druid.spring.boot.autoconfigure.DruidDataSourceAutoConfigure' of type [com.alibaba.druid.spring.boot.autoconfigure.DruidDataSourceAutoConfigure$$EnhancerBySpringCGLIB$$2dec007f] is not eligible for getting processed by all BeanPostProcessors (for example: not eligible for auto-proxying)
2020-06-12 13:45:05.508 - INFO  [  restartedMain] a.DruidDataSourceAutoConfigure : Init DruidDataSource
2020-06-12 13:45:05.544 - INFO  [  restartedMain] egate$BeanPostProcessorChecker : Bean 'spring.datasource-org.springframework.boot.autoconfigure.jdbc.DataSourceProperties' of type [org.springframework.boot.autoconfigure.jdbc.DataSourceProperties] is not eligible for getting processed by all BeanPostProcessors (for example: not eligible for auto-proxying)
2020-06-12 13:45:05.577 - INFO  [  restartedMain] c.a.d.p.DruidDataSource        : {dataSource-1} inited
2020-06-12 13:45:05.577 - INFO  [  restartedMain] egate$BeanPostProcessorChecker : Bean 'dataSource' of type [com.alibaba.druid.spring.boot.autoconfigure.DruidDataSourceWrapper] is not eligible for getting processed by all BeanPostProcessors (for example: not eligible for auto-proxying)
2020-06-12 13:45:05.587 - INFO  [  restartedMain] egate$BeanPostProcessorChecker : Bean 'org.springframework.boot.autoconfigure.jdbc.DataSourceInitializerInvoker' of type [org.springframework.boot.autoconfigure.jdbc.DataSourceInitializerInvoker] is not eligible for getting processed by all BeanPostProcessors (for example: not eligible for auto-proxying)
2020-06-12 13:45:05.623 - INFO  [  restartedMain] egate$BeanPostProcessorChecker : Bean 'sqlSessionFactory' of type [org.apache.ibatis.session.defaults.DefaultSqlSessionFactory] is not eligible for getting processed by all BeanPostProcessors (for example: not eligible for auto-proxying)
2020-06-12 13:45:05.627 - INFO  [  restartedMain] egate$BeanPostProcessorChecker : Bean 'sqlSessionTemplate' of type [org.mybatis.spring.SqlSessionTemplate] is not eligible for getting processed by all BeanPostProcessors (for example: not eligible for auto-proxying)
2020-06-12 13:45:05.743 - INFO  [  restartedMain] egate$BeanPostProcessorChecker : Bean 'userMapper' of type [tk.mybatis.spring.mapper.MapperFactoryBean] is not eligible for getting processed by all BeanPostProcessors (for example: not eligible for auto-proxying)
2020-06-12 13:45:05.745 - INFO  [  restartedMain] egate$BeanPostProcessorChecker : Bean 'userMapper' of type [com.sun.proxy.$Proxy80] is not eligible for getting processed by all BeanPostProcessors (for example: not eligible for auto-proxying)
2020-06-12 13:45:05.747 - INFO  [  restartedMain] egate$BeanPostProcessorChecker : Bean 'userDapImpl' of type [com.example.shiortwodemo.daoimpl.UserDapImpl] is not eligible for getting processed by all BeanPostProcessors (for example: not eligible for auto-proxying)
2020-06-12 13:45:05.757 - INFO  [  restartedMain] egate$BeanPostProcessorChecker : Bean 'userServiceImpl' of type [com.example.shiortwodemo.serviceimpl.UserServiceImpl] is not eligible for getting processed by all BeanPostProcessors (for example: not eligible for auto-proxying)
2020-06-12 13:45:05.757 - INFO  [  restartedMain] egate$BeanPostProcessorChecker : Bean 'userRealm' of type [com.example.shiortwodemo.shiro.UserRealm] is not eligible for getting processed by all BeanPostProcessors (for example: not eligible for auto-proxying)
2020-06-12 13:45:06.652 - INFO  [  restartedMain] egate$BeanPostProcessorChecker : Bean 'securityManager' of type [org.apache.shiro.web.mgt.DefaultWebSecurityManager] is not eligible for getting processed by all BeanPostProcessors (for example: not eligible for auto-proxying)
2020-06-12 13:45:07.019 - INFO  [  restartedMain] o.s.b.w.e.t.TomcatWebServer    : Tomcat initialized with port(s): 8080 (http)
2020-06-12 13:45:07.033 - INFO  [  restartedMain] o.a.j.l.DirectJDKLog           : Initializing ProtocolHandler ["http-nio-8080"]
2020-06-12 13:45:07.033 - INFO  [  restartedMain] o.a.j.l.DirectJDKLog           : Starting service [Tomcat]
2020-06-12 13:45:07.033 - INFO  [  restartedMain] o.a.j.l.DirectJDKLog           : Starting Servlet engine: [Apache Tomcat/9.0.35]
2020-06-12 13:45:07.144 - INFO  [  restartedMain] o.a.j.l.DirectJDKLog           : Initializing Spring embedded WebApplicationContext
2020-06-12 13:45:07.144 - INFO  [  restartedMain] letWebServerApplicationContext : Root WebApplicationContext: initialization completed in 2301 ms
2020-06-12 13:45:07.503 - INFO  [  restartedMain] c.ExecutorConfigurationSupport : Initializing ExecutorService 'applicationTaskExecutor'
2020-06-12 13:45:07.760 - INFO  [  restartedMain] t.m.m.a.MapperCacheDisabler    : Clear tk.mybatis.mapper.util.MsUtil CLASS_CACHE cache.
2020-06-12 13:45:07.761 - INFO  [  restartedMain] t.m.m.a.MapperCacheDisabler    : Clear tk.mybatis.mapper.genid.GenIdUtil CACHE cache.
2020-06-12 13:45:07.761 - INFO  [  restartedMain] t.m.m.a.MapperCacheDisabler    : Clear tk.mybatis.mapper.version.VersionUtil CACHE cache.
2020-06-12 13:45:07.761 - INFO  [  restartedMain] t.m.m.a.MapperCacheDisabler    : Clear EntityHelper entityTableMap cache.
2020-06-12 13:45:07.843 - INFO  [  restartedMain] b.d.a.OptionalLiveReloadServer : LiveReload server is running on port 35729
2020-06-12 13:45:07.858 - INFO  [  restartedMain] o.a.j.l.DirectJDKLog           : Starting ProtocolHandler ["http-nio-8080"]
2020-06-12 13:45:07.873 - INFO  [  restartedMain] o.s.b.w.e.t.TomcatWebServer    : Tomcat started on port(s): 8080 (http) with context path ''
2020-06-12 13:45:07.880 - INFO  [  restartedMain] o.s.b.StartupInfoLogger        : Started ShiroTwoDemoApplication in 3.305 seconds (JVM running for 5.057)
2020-06-12 13:45:34.571 - INFO  [  restartedMain] o.s.b.StartupInfoLogger        : Starting ShiroTwoDemoApplication on xxxy01 with PID 23712 (D:\IDEACODES\shior-two-demo\target\classes started by xxxy412 in D:\IDEACODES\shior-two-demo)
2020-06-12 13:45:34.578 - INFO  [  restartedMain] o.s.b.SpringApplication        : No active profile set, falling back to default profiles: default
2020-06-12 13:45:34.610 - INFO  [  restartedMain] o.s.b.l.DeferredLog            : Devtools property defaults active! Set 'spring.devtools.add-properties' to 'false' to disable
2020-06-12 13:45:34.611 - INFO  [  restartedMain] o.s.b.l.DeferredLog            : For additional web related logging consider setting the 'logging.level.web' property to 'DEBUG'
2020-06-12 13:45:35.147 - WARN  [  restartedMain] o.m.l.Logger                   : No MyBatis mapper was found in '[com.example.shiortwodemo]' package. Please check your configuration.
2020-06-12 13:45:35.235 - INFO  [  restartedMain] egate$BeanPostProcessorChecker : Bean 'shiroConfig' of type [com.example.shiortwodemo.shiro.ShiroConfig$$EnhancerBySpringCGLIB$$27c56fd0] is not eligible for getting processed by all BeanPostProcessors (for example: not eligible for auto-proxying)
2020-06-12 13:45:35.277 - INFO  [  restartedMain] egate$BeanPostProcessorChecker : Bean 'mybatis-tk.mybatis.mapper.autoconfigure.MybatisProperties' of type [tk.mybatis.mapper.autoconfigure.MybatisProperties] is not eligible for getting processed by all BeanPostProcessors (for example: not eligible for auto-proxying)
2020-06-12 13:45:35.280 - INFO  [  restartedMain] egate$BeanPostProcessorChecker : Bean 'tk.mybatis.mapper.autoconfigure.MapperAutoConfiguration' of type [tk.mybatis.mapper.autoconfigure.MapperAutoConfiguration$$EnhancerBySpringCGLIB$$b9b66893] is not eligible for getting processed by all BeanPostProcessors (for example: not eligible for auto-proxying)
2020-06-12 13:45:35.281 - INFO  [  restartedMain] egate$BeanPostProcessorChecker : Bean 'com.alibaba.druid.spring.boot.autoconfigure.DruidDataSourceAutoConfigure' of type [com.alibaba.druid.spring.boot.autoconfigure.DruidDataSourceAutoConfigure$$EnhancerBySpringCGLIB$$1d71b66c] is not eligible for getting processed by all BeanPostProcessors (for example: not eligible for auto-proxying)
2020-06-12 13:45:35.283 - INFO  [  restartedMain] a.DruidDataSourceAutoConfigure : Init DruidDataSource
2020-06-12 13:45:35.319 - INFO  [  restartedMain] egate$BeanPostProcessorChecker : Bean 'spring.datasource-org.springframework.boot.autoconfigure.jdbc.DataSourceProperties' of type [org.springframework.boot.autoconfigure.jdbc.DataSourceProperties] is not eligible for getting processed by all BeanPostProcessors (for example: not eligible for auto-proxying)
2020-06-12 13:45:35.352 - INFO  [  restartedMain] c.a.d.p.DruidDataSource        : {dataSource-1} inited
2020-06-12 13:45:35.352 - INFO  [  restartedMain] egate$BeanPostProcessorChecker : Bean 'dataSource' of type [com.alibaba.druid.spring.boot.autoconfigure.DruidDataSourceWrapper] is not eligible for getting processed by all BeanPostProcessors (for example: not eligible for auto-proxying)
2020-06-12 13:45:35.362 - INFO  [  restartedMain] egate$BeanPostProcessorChecker : Bean 'org.springframework.boot.autoconfigure.jdbc.DataSourceInitializerInvoker' of type [org.springframework.boot.autoconfigure.jdbc.DataSourceInitializerInvoker] is not eligible for getting processed by all BeanPostProcessors (for example: not eligible for auto-proxying)
2020-06-12 13:45:35.398 - INFO  [  restartedMain] egate$BeanPostProcessorChecker : Bean 'sqlSessionFactory' of type [org.apache.ibatis.session.defaults.DefaultSqlSessionFactory] is not eligible for getting processed by all BeanPostProcessors (for example: not eligible for auto-proxying)
2020-06-12 13:45:35.402 - INFO  [  restartedMain] egate$BeanPostProcessorChecker : Bean 'sqlSessionTemplate' of type [org.mybatis.spring.SqlSessionTemplate] is not eligible for getting processed by all BeanPostProcessors (for example: not eligible for auto-proxying)
2020-06-12 13:45:35.518 - INFO  [  restartedMain] egate$BeanPostProcessorChecker : Bean 'userMapper' of type [tk.mybatis.spring.mapper.MapperFactoryBean] is not eligible for getting processed by all BeanPostProcessors (for example: not eligible for auto-proxying)
2020-06-12 13:45:35.520 - INFO  [  restartedMain] egate$BeanPostProcessorChecker : Bean 'userMapper' of type [com.sun.proxy.$Proxy80] is not eligible for getting processed by all BeanPostProcessors (for example: not eligible for auto-proxying)
2020-06-12 13:45:35.522 - INFO  [  restartedMain] egate$BeanPostProcessorChecker : Bean 'userDapImpl' of type [com.example.shiortwodemo.daoimpl.UserDapImpl] is not eligible for getting processed by all BeanPostProcessors (for example: not eligible for auto-proxying)
2020-06-12 13:45:35.532 - INFO  [  restartedMain] egate$BeanPostProcessorChecker : Bean 'userServiceImpl' of type [com.example.shiortwodemo.serviceimpl.UserServiceImpl] is not eligible for getting processed by all BeanPostProcessors (for example: not eligible for auto-proxying)
2020-06-12 13:45:35.532 - INFO  [  restartedMain] egate$BeanPostProcessorChecker : Bean 'userRealm' of type [com.example.shiortwodemo.shiro.UserRealm] is not eligible for getting processed by all BeanPostProcessors (for example: not eligible for auto-proxying)
2020-06-12 13:45:36.453 - INFO  [  restartedMain] egate$BeanPostProcessorChecker : Bean 'securityManager' of type [org.apache.shiro.web.mgt.DefaultWebSecurityManager] is not eligible for getting processed by all BeanPostProcessors (for example: not eligible for auto-proxying)
2020-06-12 13:45:36.687 - INFO  [  restartedMain] o.s.b.w.e.t.TomcatWebServer    : Tomcat initialized with port(s): 8080 (http)
2020-06-12 13:45:36.693 - INFO  [  restartedMain] o.a.j.l.DirectJDKLog           : Initializing ProtocolHandler ["http-nio-8080"]
2020-06-12 13:45:36.694 - INFO  [  restartedMain] o.a.j.l.DirectJDKLog           : Starting service [Tomcat]
2020-06-12 13:45:36.694 - INFO  [  restartedMain] o.a.j.l.DirectJDKLog           : Starting Servlet engine: [Apache Tomcat/9.0.35]
2020-06-12 13:45:36.772 - INFO  [  restartedMain] o.a.j.l.DirectJDKLog           : Initializing Spring embedded WebApplicationContext
2020-06-12 13:45:36.772 - INFO  [  restartedMain] letWebServerApplicationContext : Root WebApplicationContext: initialization completed in 2161 ms
2020-06-12 13:45:36.888 - INFO  [  restartedMain] c.ExecutorConfigurationSupport : Initializing ExecutorService 'applicationTaskExecutor'
2020-06-12 13:45:36.988 - INFO  [  restartedMain] t.m.m.a.MapperCacheDisabler    : Clear tk.mybatis.mapper.util.MsUtil CLASS_CACHE cache.
2020-06-12 13:45:36.988 - INFO  [  restartedMain] t.m.m.a.MapperCacheDisabler    : Clear tk.mybatis.mapper.genid.GenIdUtil CACHE cache.
2020-06-12 13:45:36.989 - INFO  [  restartedMain] t.m.m.a.MapperCacheDisabler    : Clear tk.mybatis.mapper.version.VersionUtil CACHE cache.
2020-06-12 13:45:36.989 - INFO  [  restartedMain] t.m.m.a.MapperCacheDisabler    : Clear EntityHelper entityTableMap cache.
2020-06-12 13:45:37.043 - INFO  [  restartedMain] b.d.a.OptionalLiveReloadServer : LiveReload server is running on port 35729
2020-06-12 13:45:37.057 - INFO  [  restartedMain] o.a.j.l.DirectJDKLog           : Starting ProtocolHandler ["http-nio-8080"]
2020-06-12 13:45:37.071 - INFO  [  restartedMain] o.s.b.w.e.t.TomcatWebServer    : Tomcat started on port(s): 8080 (http) with context path ''
2020-06-12 13:45:37.079 - INFO  [  restartedMain] o.s.b.StartupInfoLogger        : Started ShiroTwoDemoApplication in 2.796 seconds (JVM running for 4.537)
2020-06-12 13:45:55.000 - INFO  [nio-8080-exec-1] o.a.j.l.DirectJDKLog           : Initializing Spring DispatcherServlet 'dispatcherServlet'
2020-06-12 13:45:55.000 - INFO  [nio-8080-exec-1] o.s.w.s.FrameworkServlet       : Initializing Servlet 'dispatcherServlet'
2020-06-12 13:45:55.015 - INFO  [nio-8080-exec-1] o.s.w.s.FrameworkServlet       : Completed initialization in 15 ms
2020-06-12 14:12:48.969 - INFO  [           main] bstractTestContextBootstrapper : Neither @ContextConfiguration nor @ContextHierarchy found for test class [com.example.shiortwodemo.ShiorTwoDemoApplicationTests], using SpringBootContextLoader
2020-06-12 14:12:48.999 - INFO  [           main] .s.t.c.s.AbstractContextLoader : Could not detect default resource locations for test class [com.example.shiortwodemo.ShiorTwoDemoApplicationTests]: no resource found for suffixes {-context.xml, Context.groovy}.
2020-06-12 14:12:49.000 - INFO  [           main] tationConfigContextLoaderUtils : Could not detect default configuration classes for test class [com.example.shiortwodemo.ShiorTwoDemoApplicationTests]: ShiorTwoDemoApplicationTests does not declare any static, non-private, non-final, nested classes annotated with @Configuration.
2020-06-12 14:12:49.189 - INFO  [           main] ingBootTestContextBootstrapper : Found @SpringBootConfiguration com.example.shiortwodemo.ShiroTwoDemoApplication for test class com.example.shiortwodemo.ShiorTwoDemoApplicationTests
2020-06-12 14:12:49.331 - INFO  [           main] bstractTestContextBootstrapper : Loaded default TestExecutionListener class names from location [META-INF/spring.factories]: [org.springframework.boot.test.mock.mockito.MockitoTestExecutionListener, org.springframework.boot.test.mock.mockito.ResetMocksTestExecutionListener, org.springframework.boot.test.autoconfigure.restdocs.RestDocsTestExecutionListener, org.springframework.boot.test.autoconfigure.web.client.MockRestServiceServerResetTestExecutionListener, org.springframework.boot.test.autoconfigure.web.servlet.MockMvcPrintOnlyOnFailureTestExecutionListener, org.springframework.boot.test.autoconfigure.web.servlet.WebDriverTestExecutionListener, org.springframework.boot.test.autoconfigure.webservices.client.MockWebServiceServerTestExecutionListener, org.springframework.test.context.web.ServletTestExecutionListener, org.springframework.test.context.support.DirtiesContextBeforeModesTestExecutionListener, org.springframework.test.context.support.DependencyInjectionTestExecutionListener, org.springframework.test.context.support.DirtiesContextTestExecutionListener, org.springframework.test.context.transaction.TransactionalTestExecutionListener, org.springframework.test.context.jdbc.SqlScriptsTestExecutionListener, org.springframework.test.context.event.EventPublishingTestExecutionListener]
2020-06-12 14:12:49.377 - INFO  [           main] bstractTestContextBootstrapper : Using TestExecutionListeners: [org.springframework.test.context.web.ServletTestExecutionListener@75459c75, org.springframework.test.context.support.DirtiesContextBeforeModesTestExecutionListener@183e8023, org.springframework.boot.test.mock.mockito.MockitoTestExecutionListener@45efc20d, org.springframework.boot.test.autoconfigure.SpringBootDependencyInjectionTestExecutionListener@3e5499cc, org.springframework.test.context.support.DirtiesContextTestExecutionListener@67ab1c47, org.springframework.test.context.transaction.TransactionalTestExecutionListener@b78a709, org.springframework.test.context.jdbc.SqlScriptsTestExecutionListener@30bcf3c1, org.springframework.test.context.event.EventPublishingTestExecutionListener@2a3c96e3, org.springframework.boot.test.mock.mockito.ResetMocksTestExecutionListener@15cafec7, org.springframework.boot.test.autoconfigure.restdocs.RestDocsTestExecutionListener@5b444398, org.springframework.boot.test.autoconfigure.web.client.MockRestServiceServerResetTestExecutionListener@cb191ca, org.springframework.boot.test.autoconfigure.web.servlet.MockMvcPrintOnlyOnFailureTestExecutionListener@42f48531, org.springframework.boot.test.autoconfigure.web.servlet.WebDriverTestExecutionListener@a776e, org.springframework.boot.test.autoconfigure.webservices.client.MockWebServiceServerTestExecutionListener@792bbc74]
2020-06-12 14:12:49.697 - INFO  [           main] o.s.b.StartupInfoLogger        : Starting ShiorTwoDemoApplicationTests on xxxy01 with PID 21704 (started by xxxy412 in D:\IDEACODES\shior-two-demo)
2020-06-12 14:12:49.701 - INFO  [           main] o.s.b.SpringApplication        : No active profile set, falling back to default profiles: default
2020-06-12 14:12:50.732 - WARN  [           main] o.m.l.Logger                   : No MyBatis mapper was found in '[com.example.shiortwodemo]' package. Please check your configuration.
2020-06-12 14:12:50.933 - INFO  [           main] egate$BeanPostProcessorChecker : Bean 'shiroConfig' of type [com.example.shiortwodemo.shiro.ShiroConfig$$EnhancerBySpringCGLIB$$961945d3] is not eligible for getting processed by all BeanPostProcessors (for example: not eligible for auto-proxying)
2020-06-12 14:12:51.014 - INFO  [           main] egate$BeanPostProcessorChecker : Bean 'mybatis-tk.mybatis.mapper.autoconfigure.MybatisProperties' of type [tk.mybatis.mapper.autoconfigure.MybatisProperties] is not eligible for getting processed by all BeanPostProcessors (for example: not eligible for auto-proxying)
2020-06-12 14:12:51.021 - INFO  [           main] egate$BeanPostProcessorChecker : Bean 'tk.mybatis.mapper.autoconfigure.MapperAutoConfiguration' of type [tk.mybatis.mapper.autoconfigure.MapperAutoConfiguration$$EnhancerBySpringCGLIB$$280a3e96] is not eligible for getting processed by all BeanPostProcessors (for example: not eligible for auto-proxying)
2020-06-12 14:12:51.026 - INFO  [           main] egate$BeanPostProcessorChecker : Bean 'com.alibaba.druid.spring.boot.autoconfigure.DruidDataSourceAutoConfigure' of type [com.alibaba.druid.spring.boot.autoconfigure.DruidDataSourceAutoConfigure$$EnhancerBySpringCGLIB$$8bc58c6f] is not eligible for getting processed by all BeanPostProcessors (for example: not eligible for auto-proxying)
2020-06-12 14:12:51.029 - INFO  [           main] a.DruidDataSourceAutoConfigure : Init DruidDataSource
2020-06-12 14:12:51.125 - INFO  [           main] egate$BeanPostProcessorChecker : Bean 'spring.datasource-org.springframework.boot.autoconfigure.jdbc.DataSourceProperties' of type [org.springframework.boot.autoconfigure.jdbc.DataSourceProperties] is not eligible for getting processed by all BeanPostProcessors (for example: not eligible for auto-proxying)
2020-06-12 14:12:51.237 - INFO  [           main] c.a.d.p.DruidDataSource        : {dataSource-1} inited
2020-06-12 14:12:51.238 - INFO  [           main] egate$BeanPostProcessorChecker : Bean 'dataSource' of type [com.alibaba.druid.spring.boot.autoconfigure.DruidDataSourceWrapper] is not eligible for getting processed by all BeanPostProcessors (for example: not eligible for auto-proxying)
2020-06-12 14:12:51.256 - INFO  [           main] egate$BeanPostProcessorChecker : Bean 'org.springframework.boot.autoconfigure.jdbc.DataSourceInitializerInvoker' of type [org.springframework.boot.autoconfigure.jdbc.DataSourceInitializerInvoker] is not eligible for getting processed by all BeanPostProcessors (for example: not eligible for auto-proxying)
2020-06-12 14:12:51.374 - INFO  [           main] egate$BeanPostProcessorChecker : Bean 'sqlSessionFactory' of type [org.apache.ibatis.session.defaults.DefaultSqlSessionFactory] is not eligible for getting processed by all BeanPostProcessors (for example: not eligible for auto-proxying)
2020-06-12 14:12:51.383 - INFO  [           main] egate$BeanPostProcessorChecker : Bean 'sqlSessionTemplate' of type [org.mybatis.spring.SqlSessionTemplate] is not eligible for getting processed by all BeanPostProcessors (for example: not eligible for auto-proxying)
2020-06-12 14:12:51.572 - INFO  [           main] egate$BeanPostProcessorChecker : Bean 'userMapper' of type [tk.mybatis.spring.mapper.MapperFactoryBean] is not eligible for getting processed by all BeanPostProcessors (for example: not eligible for auto-proxying)
2020-06-12 14:12:51.576 - INFO  [           main] egate$BeanPostProcessorChecker : Bean 'userMapper' of type [com.sun.proxy.$Proxy85] is not eligible for getting processed by all BeanPostProcessors (for example: not eligible for auto-proxying)
2020-06-12 14:12:51.579 - INFO  [           main] egate$BeanPostProcessorChecker : Bean 'userDapImpl' of type [com.example.shiortwodemo.daoimpl.UserDapImpl] is not eligible for getting processed by all BeanPostProcessors (for example: not eligible for auto-proxying)
2020-06-12 14:12:51.596 - INFO  [           main] egate$BeanPostProcessorChecker : Bean 'userServiceImpl' of type [com.example.shiortwodemo.serviceimpl.UserServiceImpl] is not eligible for getting processed by all BeanPostProcessors (for example: not eligible for auto-proxying)
2020-06-12 14:12:51.597 - INFO  [           main] egate$BeanPostProcessorChecker : Bean 'userRealm' of type [com.example.shiortwodemo.shiro.UserRealm] is not eligible for getting processed by all BeanPostProcessors (for example: not eligible for auto-proxying)
2020-06-12 14:12:53.472 - INFO  [           main] egate$BeanPostProcessorChecker : Bean 'securityManager' of type [org.apache.shiro.web.mgt.DefaultWebSecurityManager] is not eligible for getting processed by all BeanPostProcessors (for example: not eligible for auto-proxying)
2020-06-12 14:12:53.944 - INFO  [           main] c.ExecutorConfigurationSupport : Initializing ExecutorService 'applicationTaskExecutor'
2020-06-12 14:12:54.393 - INFO  [           main] t.m.m.a.MapperCacheDisabler    : Clear tk.mybatis.mapper.util.MsUtil CLASS_CACHE cache.
2020-06-12 14:12:54.394 - INFO  [           main] t.m.m.a.MapperCacheDisabler    : Clear tk.mybatis.mapper.genid.GenIdUtil CACHE cache.
2020-06-12 14:12:54.395 - INFO  [           main] t.m.m.a.MapperCacheDisabler    : Clear tk.mybatis.mapper.version.VersionUtil CACHE cache.
2020-06-12 14:12:54.396 - INFO  [           main] t.m.m.a.MapperCacheDisabler    : Clear EntityHelper entityTableMap cache.
2020-06-12 14:12:54.562 - INFO  [           main] o.s.b.StartupInfoLogger        : Started ShiorTwoDemoApplicationTests in 5.13 seconds (JVM running for 7.466)
2020-06-12 14:12:54.889 - INFO  [           main] s.ShiorTwoDemoApplicationTests : log4j2日志输出：This is info message.
2020-06-12 14:12:54.890 - INFO  [           main] s.ShiorTwoDemoApplicationTests : log4j2日志输出：This is info message.
2020-06-12 14:12:54.890 - INFO  [           main] s.ShiorTwoDemoApplicationTests : log4j2日志输出：This is info message.
2020-06-12 14:12:54.890 - INFO  [           main] s.ShiorTwoDemoApplicationTests : log4j2日志输出：This is info message.
2020-06-12 14:12:54.891 - INFO  [           main] s.ShiorTwoDemoApplicationTests : log4j2日志输出：This is info message.
2020-06-12 14:12:54.891 - INFO  [           main] s.ShiorTwoDemoApplicationTests : log4j2日志输出：This is info message.
2020-06-12 14:12:54.891 - INFO  [           main] s.ShiorTwoDemoApplicationTests : log4j2日志输出：This is info message.
2020-06-12 14:12:54.891 - INFO  [           main] s.ShiorTwoDemoApplicationTests : log4j2日志输出：This is info message.
2020-06-12 14:12:54.892 - INFO  [           main] s.ShiorTwoDemoApplicationTests : log4j2日志输出：This is info message.
2020-06-12 14:12:54.892 - INFO  [           main] s.ShiorTwoDemoApplicationTests : log4j2日志输出：This is info message.
2020-06-12 14:12:54.930 - INFO  [extShutdownHook] c.ExecutorConfigurationSupport : Shutting down ExecutorService 'applicationTaskExecutor'
2020-06-12 14:12:54.931 - INFO  [extShutdownHook] c.a.d.p.DruidDataSource        : {dataSource-1} closing ...
2020-06-12 14:12:54.932 - INFO  [extShutdownHook] c.a.d.p.DruidDataSource        : {dataSource-1} closed
2020-06-12 14:14:57.796 - INFO  [  restartedMain] o.s.b.StartupInfoLogger        : Starting ShiroTwoDemoApplication on xxxy01 with PID 24988 (D:\IDEACODES\shior-two-demo\target\classes started by xxxy412 in D:\IDEACODES\shior-two-demo)
2020-06-12 14:14:57.803 - INFO  [  restartedMain] o.s.b.SpringApplication        : No active profile set, falling back to default profiles: default
2020-06-12 14:14:57.833 - INFO  [  restartedMain] o.s.b.l.DeferredLog            : Devtools property defaults active! Set 'spring.devtools.add-properties' to 'false' to disable
2020-06-12 14:14:57.833 - INFO  [  restartedMain] o.s.b.l.DeferredLog            : For additional web related logging consider setting the 'logging.level.web' property to 'DEBUG'
2020-06-12 14:14:58.397 - WARN  [  restartedMain] o.m.l.Logger                   : No MyBatis mapper was found in '[com.example.shiortwodemo]' package. Please check your configuration.
2020-06-12 14:14:58.501 - INFO  [  restartedMain] egate$BeanPostProcessorChecker : Bean 'shiroConfig' of type [com.example.shiortwodemo.shiro.ShiroConfig$$EnhancerBySpringCGLIB$$ebf1f6cb] is not eligible for getting processed by all BeanPostProcessors (for example: not eligible for auto-proxying)
2020-06-12 14:14:58.546 - INFO  [  restartedMain] egate$BeanPostProcessorChecker : Bean 'mybatis-tk.mybatis.mapper.autoconfigure.MybatisProperties' of type [tk.mybatis.mapper.autoconfigure.MybatisProperties] is not eligible for getting processed by all BeanPostProcessors (for example: not eligible for auto-proxying)
2020-06-12 14:14:58.549 - INFO  [  restartedMain] egate$BeanPostProcessorChecker : Bean 'tk.mybatis.mapper.autoconfigure.MapperAutoConfiguration' of type [tk.mybatis.mapper.autoconfigure.MapperAutoConfiguration$$EnhancerBySpringCGLIB$$7de2ef8e] is not eligible for getting processed by all BeanPostProcessors (for example: not eligible for auto-proxying)
2020-06-12 14:14:58.550 - INFO  [  restartedMain] egate$BeanPostProcessorChecker : Bean 'com.alibaba.druid.spring.boot.autoconfigure.DruidDataSourceAutoConfigure' of type [com.alibaba.druid.spring.boot.autoconfigure.DruidDataSourceAutoConfigure$$EnhancerBySpringCGLIB$$e19e3d67] is not eligible for getting processed by all BeanPostProcessors (for example: not eligible for auto-proxying)
2020-06-12 14:14:58.552 - INFO  [  restartedMain] a.DruidDataSourceAutoConfigure : Init DruidDataSource
2020-06-12 14:14:58.590 - INFO  [  restartedMain] egate$BeanPostProcessorChecker : Bean 'spring.datasource-org.springframework.boot.autoconfigure.jdbc.DataSourceProperties' of type [org.springframework.boot.autoconfigure.jdbc.DataSourceProperties] is not eligible for getting processed by all BeanPostProcessors (for example: not eligible for auto-proxying)
2020-06-12 14:14:58.626 - INFO  [  restartedMain] c.a.d.p.DruidDataSource        : {dataSource-1} inited
2020-06-12 14:14:58.626 - INFO  [  restartedMain] egate$BeanPostProcessorChecker : Bean 'dataSource' of type [com.alibaba.druid.spring.boot.autoconfigure.DruidDataSourceWrapper] is not eligible for getting processed by all BeanPostProcessors (for example: not eligible for auto-proxying)
2020-06-12 14:14:58.637 - INFO  [  restartedMain] egate$BeanPostProcessorChecker : Bean 'org.springframework.boot.autoconfigure.jdbc.DataSourceInitializerInvoker' of type [org.springframework.boot.autoconfigure.jdbc.DataSourceInitializerInvoker] is not eligible for getting processed by all BeanPostProcessors (for example: not eligible for auto-proxying)
2020-06-12 14:14:58.677 - INFO  [  restartedMain] egate$BeanPostProcessorChecker : Bean 'sqlSessionFactory' of type [org.apache.ibatis.session.defaults.DefaultSqlSessionFactory] is not eligible for getting processed by all BeanPostProcessors (for example: not eligible for auto-proxying)
2020-06-12 14:14:58.681 - INFO  [  restartedMain] egate$BeanPostProcessorChecker : Bean 'sqlSessionTemplate' of type [org.mybatis.spring.SqlSessionTemplate] is not eligible for getting processed by all BeanPostProcessors (for example: not eligible for auto-proxying)
2020-06-12 14:14:58.799 - INFO  [  restartedMain] egate$BeanPostProcessorChecker : Bean 'userMapper' of type [tk.mybatis.spring.mapper.MapperFactoryBean] is not eligible for getting processed by all BeanPostProcessors (for example: not eligible for auto-proxying)
2020-06-12 14:14:58.801 - INFO  [  restartedMain] egate$BeanPostProcessorChecker : Bean 'userMapper' of type [com.sun.proxy.$Proxy80] is not eligible for getting processed by all BeanPostProcessors (for example: not eligible for auto-proxying)
2020-06-12 14:14:58.804 - INFO  [  restartedMain] egate$BeanPostProcessorChecker : Bean 'userDapImpl' of type [com.example.shiortwodemo.daoimpl.UserDapImpl] is not eligible for getting processed by all BeanPostProcessors (for example: not eligible for auto-proxying)
2020-06-12 14:14:58.814 - INFO  [  restartedMain] egate$BeanPostProcessorChecker : Bean 'userServiceImpl' of type [com.example.shiortwodemo.serviceimpl.UserServiceImpl] is not eligible for getting processed by all BeanPostProcessors (for example: not eligible for auto-proxying)
2020-06-12 14:14:58.814 - INFO  [  restartedMain] egate$BeanPostProcessorChecker : Bean 'userRealm' of type [com.example.shiortwodemo.shiro.UserRealm] is not eligible for getting processed by all BeanPostProcessors (for example: not eligible for auto-proxying)
2020-06-12 14:14:59.721 - INFO  [  restartedMain] egate$BeanPostProcessorChecker : Bean 'securityManager' of type [org.apache.shiro.web.mgt.DefaultWebSecurityManager] is not eligible for getting processed by all BeanPostProcessors (for example: not eligible for auto-proxying)
2020-06-12 14:15:00.059 - INFO  [  restartedMain] o.s.b.w.e.t.TomcatWebServer    : Tomcat initialized with port(s): 8080 (http)
2020-06-12 14:15:00.066 - INFO  [  restartedMain] o.a.j.l.DirectJDKLog           : Initializing ProtocolHandler ["http-nio-8080"]
2020-06-12 14:15:00.067 - INFO  [  restartedMain] o.a.j.l.DirectJDKLog           : Starting service [Tomcat]
2020-06-12 14:15:00.067 - INFO  [  restartedMain] o.a.j.l.DirectJDKLog           : Starting Servlet engine: [Apache Tomcat/9.0.35]
2020-06-12 14:15:00.152 - INFO  [  restartedMain] o.a.j.l.DirectJDKLog           : Initializing Spring embedded WebApplicationContext
2020-06-12 14:15:00.152 - INFO  [  restartedMain] letWebServerApplicationContext : Root WebApplicationContext: initialization completed in 2319 ms
2020-06-12 14:15:00.284 - INFO  [  restartedMain] c.ExecutorConfigurationSupport : Initializing ExecutorService 'applicationTaskExecutor'
2020-06-12 14:15:00.392 - INFO  [  restartedMain] t.m.m.a.MapperCacheDisabler    : Clear tk.mybatis.mapper.util.MsUtil CLASS_CACHE cache.
2020-06-12 14:15:00.393 - INFO  [  restartedMain] t.m.m.a.MapperCacheDisabler    : Clear tk.mybatis.mapper.genid.GenIdUtil CACHE cache.
2020-06-12 14:15:00.393 - INFO  [  restartedMain] t.m.m.a.MapperCacheDisabler    : Clear tk.mybatis.mapper.version.VersionUtil CACHE cache.
2020-06-12 14:15:00.393 - INFO  [  restartedMain] t.m.m.a.MapperCacheDisabler    : Clear EntityHelper entityTableMap cache.
2020-06-12 14:15:00.450 - INFO  [  restartedMain] b.d.a.OptionalLiveReloadServer : LiveReload server is running on port 35729
2020-06-12 14:15:00.464 - INFO  [  restartedMain] o.a.j.l.DirectJDKLog           : Starting ProtocolHandler ["http-nio-8080"]
2020-06-12 14:15:00.481 - INFO  [  restartedMain] o.s.b.w.e.t.TomcatWebServer    : Tomcat started on port(s): 8080 (http) with context path ''
2020-06-12 14:15:00.489 - INFO  [  restartedMain] o.s.b.StartupInfoLogger        : Started ShiroTwoDemoApplication in 2.984 seconds (JVM running for 4.884)
2020-06-12 14:15:09.732 - INFO  [nio-8080-exec-1] o.a.j.l.DirectJDKLog           : Initializing Spring DispatcherServlet 'dispatcherServlet'
2020-06-12 14:15:09.733 - INFO  [nio-8080-exec-1] o.s.w.s.FrameworkServlet       : Initializing Servlet 'dispatcherServlet'
2020-06-12 14:15:09.737 - INFO  [nio-8080-exec-1] o.s.w.s.FrameworkServlet       : Completed initialization in 4 ms
